
Ende Testing Report
Tue May 5 06:17:58 PDT 2015
=========================================

test_data Report
test one message and one password never encrypt the same ... ok
test one message and one password always decrypt the same ... ok
test many random messages and passwords encrypt/decrypt correctly ... ok
test many random messages and passwords with bad passwords ... ok
test many random messages and passwords with bad sent messages ... ok
test one message and one password never encrypt the same ... ok
test one message and one password always decrypt the same ... ok
test many random messages and passwords encrypt/decrypt correctly ... ok
test many random messages/passwords with bad passwords ... ok
test signing a message with salt is good ... ok
test signing a message without salt is bad ... ok

Name              Stmts   Miss Branch BrMiss  Cover   Missing
-------------------------------------------------------------
ende                  2      0      0      0   100%   
ende.Data           259     67     74     36    69%   178, 186, 199, 223, 235-237, 245, 250, 264, 278, 310, 326, 340, 364, 375-377, 382-391, 400, 404, 422, 433, 464, 476-478, 486, 491, 504, 509-516, 521-524, 535, 540, 555, 573, 596, 601-620, 629, 632-636, 641-645, 666, 685, 710-711, 716-717, 722-741
ende.Util            27      7      2      2    69%   45, 50-52, 57-59
tests                 1      0      0      0   100%   
tests.test_data      99      0     24      0   100%   
-------------------------------------------------------------
TOTAL               388     74    100     38    77%   
----------------------------------------------------------------------
Ran 11 tests in 74.376s

OK
test_file Report
test directory compare passes ... ok
test directory compare fails ... ok
test one directory and one password never encrypt the same ... ok
test one directory and one password always decrypt the same ... ok
test many directory and random passwords encrypt/decrypt correctly ... ok
test many directory with bad passwords ... ok

Name              Stmts   Miss Branch BrMiss  Cover   Missing
-------------------------------------------------------------
ende                  2      0      0      0   100%   
ende.Data           259     76     74     37    66%   178, 186, 199, 223, 235-237, 245, 250, 255-264, 274, 278, 310, 315-321, 326, 340, 364, 375-377, 382-391, 400, 402, 422, 433, 449, 464, 476-478, 486, 491, 509-516, 521-524, 535, 540, 555, 573, 591, 601-620, 629, 631, 635-636, 641-645, 666, 685, 704-705, 716-717, 722-741
ende.File            47      1     18      1    97%   16
ende.Util            27      4      2      2    79%   45, 50-52
tests                 1      0      0      0   100%   
tests.test_file     100      2     30      3    96%   65, 73
-------------------------------------------------------------
TOTAL               436     83    124     43    78%   
----------------------------------------------------------------------
Ran 6 tests in 24.029s

OK
